C51 COMPILER V9.59.0.0   LED                                                               11/17/2019 14:46:17 PAGE 1   


C51 COMPILER V9.59.0.0, COMPILATION OF MODULE LED
OBJECT MODULE PLACED IN .\Objects\led.obj
COMPILER INVOKED BY: C:\Usertemp\UV4\C51\BIN\C51.EXE led.c OPTIMIZE(8,SPEED) BROWSE DEBUG OBJECTEXTEND PRINT(.\Listings\
                    -led.lst) TABS(2) OBJECT(.\Objects\led.obj)

line level    source

   1          #include <STC12C5A60S2.h>
   2          #include "stdio.h"
   3          
   4          void main()
   5          {
   6   1        P1=0X05;
   7   1        while(1)
   8   1        {
   9   2          ;
  10   2        }
  11   1      }


MODULE INFORMATION:   STATIC OVERLAYABLE
   CODE SIZE        =      5    ----
   CONSTANT SIZE    =   ----    ----
   XDATA SIZE       =   ----    ----
   PDATA SIZE       =   ----    ----
   DATA SIZE        =   ----    ----
   IDATA SIZE       =   ----    ----
   BIT SIZE         =   ----    ----
END OF MODULE INFORMATION.


C51 COMPILATION COMPLETE.  0 WARNING(S),  0 ERROR(S)
